This is pdfTeX, Version 3.14159265-2.6-1.40.16 (TeX Live 2015/Debian) (preloaded format=pdftex 2017.11.11)  2 JAN 2018 13:06
entering extended mode
 restricted \write18 enabled.
 %&-line parsing enabled.
**report.tex
(./report.tex
! Undefined control sequence.
l.1 \documentclass
                  {article}
? 
! Undefined control sequence.
l.2     \usepackage
                   {amssymb}
? 
! Undefined control sequence.
l.3     \usepackage
                   {color}
? 
! Undefined control sequence.
l.4     \usepackage
                   {listings}
? 
! Undefined control sequence.
l.5     \usepackage
                   {graphicx}
? 
! Undefined control sequence.
l.6     \usepackage
                   {subcaption}
? 
! Undefined control sequence.
l.7     \usepackage
                   {geometry}
? 
! Undefined control sequence.
l.8     \usepackage
                   {float}
? 
! Undefined control sequence.
l.9     \geometry
                 {
? 
! Undefined control sequence.
l.16     \setlength
                   {\parindent}{0em}
? 
! Missing number, treated as zero.
<to be read again> 
                   }
l.16     \setlength{\parindent}
                               {0em}
? 
! Illegal unit of measure (pt inserted).
<to be read again> 
                   }
l.16     \setlength{\parindent}
                               {0em}
? 
! Undefined control sequence.
l.17     \setlength
                   {\parskip}{1em} % length of the spacing
? 
! Missing number, treated as zero.
<to be read again> 
                   }
l.17     \setlength{\parskip}
                             {1em} % length of the spacing
? 
! Illegal unit of measure (pt inserted).
<to be read again> 
                   }
l.17     \setlength{\parskip}
                             {1em} % length of the spacing
? 
! Undefined control sequence.
l.19     \lstset
                { % General setup for the package
? 
! Undefined control sequence.
l.21         basicstyle=\small
                              \sffamily,
? 
! Undefined control sequence.
l.21         basicstyle=\small\sffamily
                                       ,
? 
! Undefined control sequence.
l.23         numberstyle=\tiny
                              ,
? 
! Undefined control sequence.
l.30         commentstyle=\color
                                {red},
? 
! Undefined control sequence.
l.31         keywordstyle=\color
                                {blue},
? 
! Undefined control sequence.
l.32         emphstyle=\ttb
                           \color{deepred},
? 
! Undefined control sequence.
l.32         emphstyle=\ttb\color
                                 {deepred},
? 
! Undefined control sequence.
l.33         stringstyle=\color
                               {deepgreen}
? 

Overfull \hbox (23.02368pt too wide) in paragraph at lines 20--35
\tenrm show-stringspaces=false, showtabs=false, keepspaces, com-mentstyle=red, 
key-word-style=blue, emph-style=deepred,|

\hbox(6.94444+1.94444)x469.75499, glue set - 1.0
.\tenrm s
.\tenrm h
.\tenrm o
.\kern-0.27779
.\tenrm w
.etc.

! Undefined control sequence.
l.36     \begin
               {document}
? 
! Undefined control sequence.
l.37         \begin
                   {figure}
? 
! Undefined control sequence.
l.39             \includegraphics
                                 [width=0.5\linewidth]{./img/vub.png}
? 
! Missing number, treated as zero.
<to be read again> 
                   [
l.39             \includegraphics[
                                  width=0.5\linewidth]{./img/vub.png}
? 
! Illegal unit of measure (pt inserted).
<to be read again> 
                   [
l.39             \includegraphics[
                                  width=0.5\linewidth]{./img/vub.png}
? 
! Undefined control sequence.
l.39 ...      \includegraphics[width=0.5\linewidth
                                                  ]{./img/vub.png}
? 
[1{/var/lib/texmf/fonts/map/pdftex/updmap/pdftex.map}] )</usr/share/texlive/tex
mf-dist/fonts/type1/public/amsfonts/cm/cmr10.pfb>
Output written on report.pdf (1 page, 18288 bytes).
PDF statistics:
 12 PDF objects out of 1000 (max. 8388607)
 7 compressed objects within 1 object stream
 0 named destinations out of 1000 (max. 500000)
 1 words of extra memory for PDF output out of 10000 (max. 10000000)

